#
#
#
#
#
#    Don't try viewing this report without a plog-converter utility!!!
#
#    plog-converter -a GA:1,2 -t tasklist -o report.tasks /path/to/this/file.log
#
#    A link to the documentation: https://pvs-studio.com/en/docs/manual/0036/
#
#
#
#
#
d99cf3ba-6fcd-43f9-9260-1179fa3a9bed
dR'8_uR%RrXJiRER'haa@->uR%Rcccc{8>ou/oc+'8>ou/ocmc>u]c{8>ou/o;>u]c{8>'auou.oaUoujf$^nRER U2=u$2UaPR% U2=uER2uvu2R%xERPu==UjuR%R@- uo-Puc8 coLucLuUkwU228'Uou_cvUa-U92ucN'8>ou/oNc-=c2-P-ou_co8coLuc'haau>oc h>'o-8>N=c='8ku}c{8>=-_uacU228'Uo->jc-oc8>coLuc=oU'sc->=ouU_}RER>u/o@->uR%Rcccc=o_%%'8hocyyc)R{2-u>o%c.oaUoujfc-=c=uoco8c>8aPU2c=8ao->j}))>)RnRERk8=-o-8>=R%!dR -2uR%R(L8Pu(ah9uU=(P>o(==_(\a85u'o=(P-=aUKu/UPk2u=(->'2h_u(P-=aUKu/UPk2u=(=oaUoujf}'kkRER2->u=R%!X*"B"ERkauv@->uR%RdRB
dR'8_uR%RrJ[bGRER'haa@->uR%Rcccccccccccc=o_%%=]Uk;au=h2o!-"Ecau=h2o!au=h2o}=-:u;^cwc-cwcx"^nRER U2=u$2UaPR% U2=uER2uvu2R%xERPu==UjuR%R,Lucauoha>cvU2huc8 c>8>wv8-_c h>'o-8>cN=]UkNc=L8h2_c9uch=u_}RER>u/o@->uR%RccccccccBRERk8=-o-8>=R%!dR -2uR%R(L8Pu(ah9uU=(P>o(==_(\a85u'o=(P-=aUKu/UPk2u=(->'2h_u(P-=aUKu/UPk2u=(=oaUoujf}'kkRER2->u=R%!G*"B"ERkauv@->uR%RccccccccdRER=U=o1_R%R61.C$w{\\wSwxwGRB
dR'8_uR%RrJ[G[RER'haa@->uR%R'2U==c.oaUoujfRER U2=u$2UaPR% U2=uER2uvu2R%xERPu==UjuR%R,Lucj289U2c>UPu=kU'uc=L8h2_c8>2fc'8>oU->cNPU->NEc>UPu=kU'uc_u'2UaUo-8>=cU>_cu/oua>cN{Nc_u'2UaUo-8>}RER>u/o@->uR%RdRERk8=-o-8>=R%!dR -2uR%R(L8Pu(ah9uU=(P>o(==_(\a85u'o=(P-=aUKu/UPk2u=(->'2h_u(P-=aUKu/UPk2u=(=oaUoujf}'kkRER2->u=R%!xS"B"ER=U=o1_R%R61.C$w{\\wGw*wxRB
dR'8_uR%RrJ[G[RER'haa@->uR%R'2U==c{8>ou/oRER U2=u$2UaPR% U2=uER2uvu2R%xERPu==UjuR%R,Lucj289U2c>UPu=kU'uc=L8h2_c8>2fc'8>oU->cNPU->NEc>UPu=kU'uc_u'2UaUo-8>=cU>_cu/oua>cN{Nc_u'2UaUo-8>}RER>u/o@->uR%RdRERk8=-o-8>=R%!dR -2uR%R(L8Pu(ah9uU=(P>o(==_(\a85u'o=(P-=aUKu/UPk2u=(->'2h_u(P-=aUKu/UPk2u=(=oaUoujf}'kkRER2->u=R%!xX"B"ER=U=o1_R%R61.C$w{\\wGw*wxRB
dR'8_uR%RrJ[G[RER'haa@->uR%R'2U==c{8>'auou.oaUoujf$c%ckh92-'c.oaUoujfRER U2=u$2UaPR% U2=uER2uvu2R%xERPu==UjuR%R,Lucj289U2c>UPu=kU'uc=L8h2_c8>2fc'8>oU->cNPU->NEc>UPu=kU'uc_u'2UaUo-8>=cU>_cu/oua>cN{Nc_u'2UaUo-8>}RER>u/o@->uR%RdRERk8=-o-8>=R%!dR -2uR%R(L8Pu(ah9uU=(P>o(==_(\a85u'o=(P-=aUKu/UPk2u=(->'2h_u(P-=aUKu/UPk2u=(=oaUoujf}'kkRER2->u=R%!bX"B"ER=U=o1_R%R61.C$w{\\wGw*wxRB
dR'8_uR%RrJ[G[RER'haa@->uR%R'2U==c{8>'auou.oaUoujfOc%ckh92-'c.oaUoujfRER U2=u$2UaPR% U2=uER2uvu2R%xERPu==UjuR%R,Lucj289U2c>UPu=kU'uc=L8h2_c8>2fc'8>oU->cNPU->NEc>UPu=kU'uc_u'2UaUo-8>=cU>_cu/oua>cN{Nc_u'2UaUo-8>}RER>u/o@->uR%RdRERk8=-o-8>=R%!dR -2uR%R(L8Pu(ah9uU=(P>o(==_(\a85u'o=(P-=aUKu/UPk2u=(->'2h_u(P-=aUKu/UPk2u=(=oaUoujf}'kkRER2->u=R%!VJ"B"ERkauv@->uR%RBnRER=U=o1_R%R61.C$w{\\wGw*wxRB
dR'8_uR%RrJ[G[RER'haa@->uR%Rv8-_c{2-u>o{8_u;^RER U2=u$2UaPR% U2=uER2uvu2R%xERPu==UjuR%R,Lucj289U2c>UPu=kU'uc=L8h2_c8>2fc'8>oU->cNPU->NEc>UPu=kU'uc_u'2UaUo-8>=cU>_cu/oua>cN{Nc_u'2UaUo-8>}RER>u/o@->uR%RdRERk8=-o-8>=R%!dR -2uR%R(L8Pu(ah9uU=(P>o(==_(\a85u'o=(P-=aUKu/UPk2u=(->'2h_u(P-=aUKu/UPk2u=(=oaUoujf}'kkRER2->u=R%!Xx"B"ER=U=o1_R%R61.C$w{\\wGw*wxRB
dR'8_uR%RrJ[xxRER'haa@->uR%Rcccccccc_u2uoucoL-=w3=oaUoujfKnRER U2=u$2UaPR% U2=uER2uvu2R%JERPu==UjuR%R,LucN_u2uouNc8kuaUo8ac=L8h2_c>8oc9uch=u_}RER>u/o@->uR%RccccBRERk8=-o-8>=R%!dR -2uR%R(L8Pu(ah9uU=(P>o(==_(\a85u'o=(P-=aUKu/UPk2u=(->'2h_u(P-=aUKu/UPk2u=(=oaUoujf}'kkRER2->u=R%!*S"B"ERkauv@->uR%RccccdRER=U=o1_R%R61.C$w{\\wxXwbwxRB
dR'8_uR%RrJ[xxRER'haa@->uR%Rcccccccc_u2uoucoL-=w3=oaUoujfKnRER U2=u$2UaPR% U2=uER2uvu2R%JERPu==UjuR%R,LucN_u2uouNc8kuaUo8ac=L8h2_c>8oc9uch=u_}RER>u/o@->uR%RccccccccoL-=w3=oaUoujfKcmc=oaUoujfnRERk8=-o-8>=R%!dR -2uR%R(L8Pu(ah9uU=(P>o(==_(\a85u'o=(P-=aUKu/UPk2u=(->'2h_u(P-=aUKu/UPk2u=(=oaUoujf}'kkRER2->u=R%!*b"B"ERkauv@->uR%RccccdRER=U=o1_R%R61.C$w{\\wxXwbwxRB
dR'8_uR%RrJ[xxRER'haa@->uR%Rcccc{8>ou/oc+'8>ou/ocmc>u]c{8>ou/o;>u]c{8>'auou.oaUoujf$^nRER U2=u$2UaPR% U2=uER2uvu2R%JERPu==UjuR%R,LucN>u]Nc8kuaUo8ac=L8h2_c>8oc9uch=u_}RER>u/o@->uR%Rcccc=o_%%'8hocyyc)R{2-u>o%c.oaUoujfc-=c=uoco8c>8aPU2c=8ao->j}))>)RnRERk8=-o-8>=R%!dR -2uR%R(L8Pu(ah9uU=(P>o(==_(\a85u'o=(P-=aUKu/UPk2u=(->'2h_u(P-=aUKu/UPk2u=(=oaUoujf}'kkRER2->u=R%!X*"B"ERkauv@->uR%RdRER=U=o1_R%R61.C$w{\\wxXwbwxRB
dR'8_uR%RrJ[xxRER'haa@->uR%Rcccc'8>ou/ow3=uoK=oaUoujf;>u]c{8>'auou.oaUoujfO^nRER U2=u$2UaPR% U2=uER2uvu2R%JERPu==UjuR%R,LucN>u]Nc8kuaUo8ac=L8h2_c>8oc9uch=u_}RER>u/o@->uR%Rcccc'8>ou/ow3F8.8PuOh=->u==@8j-';^nRERk8=-o-8>=R%!dR -2uR%R(L8Pu(ah9uU=(P>o(==_(\a85u'o=(P-=aUKu/UPk2u=(->'2h_u(P-=aUKu/UPk2u=(=oaUoujf}'kkRER2->u=R%!XX"B"ERkauv@->uR%Rcccc=o_%%'8hocyyc)R{2-u>o%c.oaUoujfc-=c=uoco8cauvua=uc=8ao->j}))>)RnRER=U=o1_R%R61.C$w{\\wxXwbwxRB
dR'8_uR%RrJ[xxRER'haa@->uR%Rcccc_u2uouc'8>ou/onRER U2=u$2UaPR% U2=uER2uvu2R%JERPu==UjuR%R,LucN_u2uouNc8kuaUo8ac=L8h2_c>8oc9uch=u_}RER>u/o@->uR%RBRERk8=-o-8>=R%!dR -2uR%R(L8Pu(ah9uU=(P>o(==_(\a85u'o=(P-=aUKu/UPk2u=(->'2h_u(P-=aUKu/UPk2u=(=oaUoujf}'kkRER2->u=R%!iS"B"ERkauv@->uR%Rcccc'8>ou/ow3F8.8PuOh=->u==@8j-';^nRER=U=o1_R%R61.C$w{\\wxXwbwxRB
